A D/L_shaped_sofa////
A D/ammoBox////
A D/armchair////
A D/armchair2////
A D/babyRockingBed////
A D/barrel////
A D/basketball////
A D/bed1////
A D/bed2////
A D/bed3////
A D/bedWithTexture////
A D/bedsideTable2////
A D/beerGlass////
A D/bookcase////
A D/bread////
A D/butter////
A D/caballito////
A D/caffe_final////
A D/cardGame////
A D/cartoon_biplane////
A D/ceilingFan////
A D/chair////
A D/chicken////
A D/cissors_swap////
A D/comb////
A D/cosmeticsPot////
A D/couch////
A D/crate////
A D/cuckooClock////
A D/cupboard////
A D/deckChair////
A D/deer////
A D/desk////
A D/desklamp////
A D/doubleOven////
A D/electricGuitar////
A D/fireExtinguisher////
A D/flacon////
A D/flowerBox////
A D/headphones////
A D/horse2////
A D/housePuzzle////
A D/iphone////
A D/kalender////
A D/kitchenaid////
A D/knifeStandSwap////
A D/led_tv////
A D/littlePlant////
A D/lockedLocker////
A D/mamadeira////
A D/mano_cooktop////
A D/modernArmchair////
A D/mofx_mailbox////
A D/numberLock////
A D/oakChair////
A D/oakTable////
A D/oven////
A D/pallet////
A D/pianoAQueue////
A D/plasticChair////
A D/plasticCup////
A D/poolTable////
A D/potty////
A D/radiator////
A D/radiator1////
A D/radiator2////
A D/relaxChair////
A D/riggedFan////
A D/ruler////
A D/shelves////
A D/shower////
A D/showerDoor////
A D/silla2////
A D/sillaBlanca////
A D/slippers////
A D/sofa////
A D/speaker2////
A D/speaker3////
A D/stool////
A D/tableFan////
A D/tableWithTablecloth////
A D/table_football////
A D/technicalTable1////
A D/technicalTable2////
A D/teddyBear////
A D/televisionCabinet////
A D/tetrapak////
A D/textMarker////
A D/toiletBrush////
A D/toiletPaperDispenser////
A D/toiletsUnit////
A D/towel2////
A D/towel3////
A D/umbrella////
A D/umbrellaFolded////
A D/vecticalShelves////
A D/verticalShelves////
A D/wardrobeWithSlidingDoors////
A D/washbasin////
A D/whiteBoard////
A D/yogurtBottle////
R D/vecticalShelves////
