A D/boyLying////
A D/boySitting////
A D/boyStanding////
A D/female01////
A D/female02////
A D/female03////
A D/girlSittingGround////
A D/girlSittingTable////
A D/girlStanding////
A D/holdingFemale01////
A D/holdingFemale02////
A D/holdingFemale03////
A D/holdingMale01////
A D/lyingDownFemale01////
A D/lyingDownMale01////
A D/lyingDownMale02////
A D/male01////
A D/male02////
A D/male03////
A D/sitFemale01////
A D/sitFemale02////
A D/sitFemale03////
A D/sitMale01////
A D/sitMale02////
A D/sitMale03////
