A D/air-mattress////
A D/apple_pc////
A D/apples////
A D/aquarium////
A D/armchair////
A D/armchair1////
A D/armchair2////
A D/armchair3////
A D/baby_high_chair////
A D/bandeja////
A D/bar_chair////
A D/bar_table////
A D/basic_camera////
A D/basketball_net_and_board////
A D/bathroom1////
A D/bathroom3////
A D/bathroom4////
A D/bathroom_vanity////
A D/beach_chair////
A D/bed1////
A D/beige_sofa////
A D/beige_sofa_2seats////
A D/birthday_cake////
A D/black_table////
A D/bonsai-tree////
A D/bowl////
A D/box_room////
A D/broom////
A D/burlap_sofa////
A D/calla_lily_with_roses////
A D/cardboard-box////
A D/cat////
A D/ceiling-lamp////
A D/chair////
A D/chair3////
A D/chair4////
A D/chandelier-lamp////
A D/changing-table////
A D/chest-freezer////
A D/child_swing////
A D/children_bed////
A D/christmas_tree////
A D/clear_sofa////
A D/clothes-basket////
A D/clothes-horse////
A D/clothes_washing_machine////
A D/coffee-table2////
A D/coffee_machine////
A D/coffee_table////
A D/com_bath////
A D/com_bath2_cepillo////
A D/com_bath2_esponja////
A D/com_bath2_jabon_pijo////
A D/com_bath2_peineta////
A D/com_bath2_soap////
A D/com_bath3////
A D/com_bath3_toalla////
A D/complements2////
A D/contemp_living_room////
A D/corner_bathtub////
A D/creamer////
A D/crib////
A D/cup////
A D/curtain////
A D/dart_game////
A D/desk_lamp1////
A D/desk_lamp2////
A D/desk_table////
A D/dining_room////
A D/diving-board////
A D/dog////
A D/dog-house////
A D/doll////
A D/doll-house////
A D/door////
A D/double_door////
A D/double_door_2////
A D/double_door_with_little_part////
A D/double_vanity////
A D/dryer_machine////
A D/dvd////
A D/electric_water_heater////
A D/electric_water_heater_big////
A D/elevator////
A D/elevator-door////
A D/ext_chair////
A D/ext_table////
A D/external-unity-air-conditioning////
A D/farola1////
A D/ficus////
A D/fireplace1////
A D/fireplace2////
A D/flipper////
A D/folded_clothes////
A D/frame1////
A D/frame2////
A D/furnace////
A D/garage-door////
A D/garden-faucet////
A D/gaz_water_heater////
A D/glass_table_office////
A D/glasses////
A D/hospital-bed////
A D/indoor-bike////
A D/induction-cooker-2-zones////
A D/induction-cooker-4-zones////
A D/inkjet_and_scanner_printer////
A D/intercom////
A D/intercom_with_screen////
A D/internal-unity-air-conditioning////
A D/iron-railing-1////
A D/iron-railing-2////
A D/iron-railing-3////
A D/iron_bed////
A D/jacuzzi////
A D/japanese_style_screen////
A D/jar////
A D/kids_desk_chair////
A D/kids_desk_table////
A D/kids_shelves////
A D/kids_wooden_desk////
A D/kitchen_stool////
A D/kitchen_tool1////
A D/kitchen_tool2////
A D/kitchen_tool3////
A D/kitchen_tool4////
A D/leather_sofa////
A D/letters_box////
A D/little_lamp1////
A D/little_lamp2////
A D/little_lamp3////
A D/littlebank////
A D/living_lamp////
A D/living_room_lamp1////
A D/living_room_table////
A D/maceta////
A D/medicoscopia_bottle////
A D/medicoscopia_bottle2////
A D/medicoscopia_box////
A D/metal_glass_table////
A D/mini_stereo////
A D/mocassin////
A D/modern_armchair////
A D/mower////
A D/mp3_base_for_ipad////
A D/office_box////
A D/office_chair////
A D/office_furniture1////
A D/old_jar////
A D/open-cardboard-box////
A D/parque////
A D/penbox////
A D/pencil1////
A D/pencil2////
A D/peugeot-308////
A D/phone////
A D/plastic_chair////
A D/pottery////
A D/puerta////
A D/puff////
A D/punching-ball////
A D/rabbit////
A D/rectangle-swimming-pool////
A D/reflex_camera////
A D/renault-scenic////
A D/roasted-chicken////
A D/round-carpet////
A D/round-swimming-pool////
A D/saloon_lamp////
A D/saloon_table////
A D/sandpit////
A D/scooter////
A D/seat_leon////
A D/shopping-basket////
A D/shovel////
A D/silla_teca////
A D/simple_sofa////
A D/small_lavatory////
A D/sneakers////
A D/sofa_white_beige////
A D/squeezer////
A D/step-ladder-metal////
A D/step-ladder-wood////
A D/stereo_amplifier////
A D/stroller////
A D/sugar////
A D/sushi_tray////
A D/swimming-pool////
A D/table3////
A D/table4////
A D/table_lamp////
A D/table_wood_and_iron////
A D/tablet////
A D/teapot////
A D/trampoline////
A D/tray////
A D/tricycle////
A D/truck////
A D/tubular_chair////
A D/turn-window////
A D/tv////
A D/vase1////
A D/vase2////
A D/vase3////
A D/vase5////
A D/video-projector////
A D/wall-flat-tv////
A D/wall-hanger////
A D/wardrobe1////
A D/water_cooler////
A D/white_kitchen_chair////
A D/white_kitchen_table////
A D/window_2x1_medium_with_large_pane////
A D/window_2x1_with_sliders////
A D/window_2x3////
A D/window_2x3_arched////
A D/window_2x3_regular////
A D/window_2x4////
A D/window_2x4_arched////
A D/window_2x6////
A D/window_3x1////
A D/window_4x1////
A D/window_4x3////
A D/window_4x3_arched////
A D/window_4x5////
A D/wine_bottle////
A D/woman_shoes////
A D/wood_bank////
A D/wood_logs////
A D/wooden_office_alder_table////
A D/wooden_office_pear_table////
A D/wooden_office_pear_table_rect////
A D/wooden_office_teak_table////
A D/wooden_table_office////
A D/yamaha-yzr-r6////
