A D/12-oz-glass////
A D/MIDI-keyboard////
A D/VW-new-beetle////
A D/apple-ibook-2001////
A D/apple-imac-1998////
A D/ashtray////
A D/bar-stool////
A D/bathmat////
A D/bathroom-tissue////
A D/bench////
A D/bowl////
A D/bread-plate////
A D/bullet-trash-can////
A D/cafe-chair////
A D/cafe-table////
A D/chair-ottoman////
A D/classic-lamppost////
A D/clothes-hanger////
A D/coffee-maker////
A D/coffee-mug////
A D/concept-sedan-01v1////
A D/concept-sedan-01v2////
A D/concept-sedan-02////
A D/concept-sedan-02-sport////
A D/concrete-bench////
A D/concrete-sidewalk////
A D/custom-desk////
A D/dining-chair////
A D/dinner-plate////
A D/exterior-door-01////
A D/exterior-door-02////
A D/exterior-door-03////
A D/exterior-door-05////
A D/exterior-door-07////
A D/female-01-casual-clothing////
A D/filing-cabinet////
A D/fire-hydrant////
A D/flashlight////
A D/fluorescent////
A D/fluorescent-strip////
A D/folding-table////
A D/fridge////
A D/full-bookcase////
A D/futon-couch////
A D/glass-dining-table////
A D/hanging-clothes1////
A D/hanging-clothes2////
A D/hanging-restaurant-light////
A D/highball-glass////
A D/hose-reel////
A D/iron-railing-02////
A D/male-01-suit////
A D/mid-century-bench-sofa////
A D/mid-century-chair////
A D/mid-century-sofa////
A D/newspaper////
A D/office-chair////
A D/oil-servers////
A D/oriental-rug////
A D/painted-bench////
A D/park-light////
A D/park-trashcan////
A D/pedestal-vase-lamp////
A D/plate-and-ustensils////
A D/porch-column-01////
A D/porch-column-02////
A D/porch-column-03////
A D/porch-light////
A D/propane-stove////
A D/recycling-bin////
A D/red-wine-bottle-01////
A D/residential-trashcan////
A D/scooter////
A D/screen-door////
A D/showerCurtain////
A D/showerHeadAndFaucet////
A D/spray-bottle////
A D/stapler////
A D/tape-measure////
A D/towel-rack////
A D/track-lights////
A D/trunk-large////
A D/utility-shelving////
A D/wall-lamp-artwork////
A D/wall-spotlight////
A D/window-01////
A D/window-08////
A D/window-08-02////
A D/window-blinds////
A D/window-shutter////
