A D/angolo////
A D/angolo160W////
A D/angolo198W////
A D/angolo80W////
A D/bidet////
A D/blocks////
A D/cassettiera////
A D/cassettieraW////
A D/como////
A D/comoCiliegio////
A D/comodinoArancio////
A D/comodinoAzzurro////
A D/comodinoSinistro////
A D/comodinoSinistroCiliegio////
A D/corner////
A D/credenza////
A D/cucina////
A D/curva////
A D/curvaEsterna30////
A D/curvaInterna30////
A D/doccia////
A D/doppio////
A D/frigo////
A D/gasHob////
A D/lavastoviglie////
A D/lavello////
A D/letters////
A D/letto////
A D/lettoArancio////
A D/lettoAzzurro////
A D/lettoCiliegio////
A D/lettoSoppalcoArancio////
A D/lettoSoppalcoAzzurro////
A D/mensola////
A D/mensolaAcero////
A D/mensolaArancio////
A D/mensolaAzzurra////
A D/mensolaBlu////
A D/mensolaCiliegio////
A D/mensolaCurvaAcero////
A D/mensolaCurvaArancio////
A D/mensolaCurvaAzzurro////
A D/mensolaCurvaBlu////
A D/mensolaCurvaMarrone////
A D/mensolaMarrone////
A D/mobile////
A D/mobile45160W////
A D/mobile45198W////
A D/mobile4580W////
A D/mobile90160W////
A D/mobile90198W////
A D/mobile9080W////
A D/mobileAngolo////
A D/mobileAngoloInterno////
A D/mobileAngoloInternoArancio////
A D/mobileArancio////
A D/mobileAzzurro////
A D/mobileCiliegio////
A D/mobileangoloCiliegio////
A D/mobilettoBlu////
A D/mobilettoGrande////
A D/mobilettoLavaboBlu////
A D/mobilettoLavaboWenge////
A D/mobilettoPiccolo////
A D/mobilettoSpecchioBlu////
A D/mobilettoSpecchioWenge////
A D/mobilettowenge////
A D/ovenFront////
A D/pensileAcero////
A D/pensileAngolo////
A D/pensileArancio////
A D/pensileAzzurro////
A D/pensileBlu////
A D/pensileCurva////
A D/pensileDoppio////
A D/pensileMarrone////
A D/pensileVetro////
A D/pianoIsola////
A D/raccordo80W////
A D/scaletta////
A D/scrivania160W////
A D/sedia////
A D/sgabello////
A D/singolo////
A D/smiley////
A D/tavolino////
A D/tavolo////
A D/train////
A D/water////
