A D/abdominalBench////
A D/arbolito////
A D/armchair1////
A D/backpack////
A D/ballonFoot////
A D/bath_jay_hardy////
A D/bathroomRadiator////
A D/bedsideTable////
A D/beer_bottle////
A D/bike////
A D/biurko3////
A D/boiler////
A D/bonecoDeNeve////
A D/book////
A D/breadBox////
A D/bulldog////
A D/bunkBed////
A D/cafe_set_mota_chair////
A D/cafe_set_mota_table////
A D/cafe_set_tonon_chair////
A D/cafe_set_tonon_table////
A D/carrito-de-madera////
A D/chairWithCushion////
A D/chair_deck////
A D/chessboard////
A D/chest////
A D/childChair////
A D/choppingBoard////
A D/classSeat////
A D/clock////
A D/cocktailGlass////
A D/coffeePress////
A D/coffeeTable////
A D/coffee_cup////
A D/cornerSofa////
A D/decorativePlant////
A D/ella_chair_f////
A D/espressokettle////
A D/foldingChair////
A D/fordFocus////
A D/fork////
A D/fotel////
A D/fountain////
A D/gift////
A D/glass////
A D/green_stool////
A D/hamburger////
A D/hangingLight////
A D/hood////
A D/horse////
A D/juniorBed////
A D/kitchenDrawersCabinet////
A D/kitchenGlassDoorCabinet////
A D/kitchenIsland////
A D/kitchenKnife////
A D/kitchenLowerCabinet////
A D/kitchenScale////
A D/kitchenSink////
A D/kitchenSmallLowerCabinet////
A D/kitchenSmallUpperCabinet////
A D/kitchenTools////
A D/kitchenUpperCabinet////
A D/kitchenblender////
A D/knife////
A D/lamp////
A D/laptop////
A D/largePan////
A D/largeStove////
A D/leaf_chair////
A D/lettoCloud////
A D/lipStick////
A D/luckyBamboo////
A D/mediumIndoorPlant////
A D/microwave////
A D/mobile////
A D/modernRadiator////
A D/mp3Station////
A D/officeTable////
A D/piano////
A D/plaidChair////
A D/poolLounge////
A D/radiatorAndTowels////
A D/radio////
A D/rubix2////
A D/sef-kasa////
A D/siameseCat////
A D/simpleDesk////
A D/smallOven////
A D/sofa2////
A D/sofa3////
A D/spatifilum////
A D/spider_plant////
A D/spoon////
A D/succulentPlant////
A D/suit////
A D/suitcase////
A D/sunglasses////
A D/table////
A D/tableTennisBat////
A D/table_tennis////
A D/thermometer////
A D/toilets_unit_jay_hardy////
A D/towel////
A D/toyTrain////
A D/treadmill////
A D/tulip////
A D/tvStand////
A D/utensilsPot////
A D/wallDoubleSocket////
A D/wallSocket////
A D/wardrobe////
A D/washbasin_jay_hardy////
A D/washing_machine////
A D/wheelchair////
A D/white_lily////
A D/wire-coathanger////
A D/wirelessOfficePhone3////
A D/workbench////
A D/xylophone////
A D/yuccaPlant////
