A D/1DoorLowerCabinet////
A D/1DoorUpperCabinet////
A D/1GlassDoorCabinet////
A D/2DoorLowerCabinet////
A D/2DoorUpperCabinet////
A D/2GlassDoorCabinet////
A D/3DrawerCabinet////
A D/AntelopeCanyonFrame////
A D/AtorArriere////
A D/AtorHaut////
A D/ButterflyFrame////
A D/CDrack////
A D/ColoredFountainFrame////
A D/DianaWindow////
A D/EiffelTowerFrame////
A D/EtretatFrame////
A D/HaiVanPassFrame////
A D/HorseShoeBendFrame////
A D/HorseShoeColoradoFrame////
A D/InariFrame////
A D/LakeMoraineFrame////
A D/MontBlancFrame////
A D/NiagaraFallsFrame////
A D/SquirrelFrame////
A D/StatueOfLibertyFrame////
A D/SweetHome3DKompakt////
A D/TVCenter////
A D/TigerFrame////
A D/TorontoOntarioPlaceFrame////
A D/TucanFrame////
A D/VaticanMuseumFrame////
A D/VeniceFrame////
A D/WaterLilyFrame////
A D/YosemiteFrame////
A D/accordionFoldDoors////
A D/allenOrgan////
A D/armoireLotus////
A D/aspirateur////
A D/autocuiseur////
A D/awning_bracket////
A D/baguettePain////
A D/baguettes////
A D/barCusisine////
A D/barbecue////
A D/bath_L////
A D/bathroomFurniture////
A D/bathroom_cupboard_mirror////
A D/bathroom_fan////
A D/bathroom_sink////
A D/bathtub_jet_system////
A D/batterie////
A D/bd////
A D/bdOuverte////
A D/bench////
A D/blackDeckChair////
A D/blackDeckTable////
A D/bolDeRiz////
A D/bookcase////
A D/borderfence-main////
A D/borderfence-small////
A D/bouilloire////
A D/bucket////
A D/bureau3////
A D/bureauEcolier////
A D/bureauInfoClair////
A D/bureauInfoOuvert////
A D/cabinet2////
A D/cageFuret////
A D/canapeJardin////
A D/candleOrnament////
A D/capa////
A D/captainsBed////
A D/carpet////
A D/casierBouteilles////
A D/casserole////
A D/cassetti_cucina_45x60////
A D/ceilingFan////
A D/ceiling_lamp_globo_feria////
A D/ceramicHob////
A D/chair2////
A D/chair_granmother////
A D/chair_high////
A D/chair_office_x////
A D/chair_office_y////
A D/chaiseJaune////
A D/chaiseOrange////
A D/citrouille////
A D/clicClac////
A D/clicClacOuvert////
A D/clothes_line////
A D/column_balustrade////
A D/column_balustrade_corner////
A D/cookingPlate////
A D/cornerCabinet////
A D/cornerChina////
A D/couchPoofyPillows////
A D/counter////
A D/couteauADecouper////
A D/couteauAPain////
A D/craftsmanDoorClosed////
A D/daybed////
A D/desk////
A D/desk2////
A D/deskLamp1////
A D/deskLight////
A D/desserte////
A D/dishwasher////
A D/displayCabinet////
A D/door1////
A D/doorGlassPanels////
A D/door_window_thick////
A D/door_window_thick_double////
A D/door_window_thick_double_2x4////
A D/elementHautSalon////
A D/emergencyGlassDoubleDoor////
A D/enceinteColonne////
A D/eponge////
A D/fancyFrontDoor////
A D/fancyWindow////
A D/fence_grid////
A D/fence_grid_gate////
A D/fence_picket////
A D/fencepost1////
A D/fencepost2////
A D/fer////
A D/fireplace2////
A D/fixed_window_2x2////
A D/flowers////
A D/frame3HorizontalMomijiPhotos////
A D/frame3HorizontalNorwayPhotos////
A D/frame3VerticalSummerPhotos////
A D/frame3VerticalTowerPhotos////
A D/frame_horizontal////
A D/frame_square////
A D/frame_vertical////
A D/frigo////
A D/frigorifero////
A D/futon////
A D/garageDoor2////
A D/gardenUmbrella////
A D/gate_grind////
A D/gate_iron////
A D/gaz////
A D/glassDoorsOpened////
A D/greenhouse////
A D/grillNgauge////
A D/grillePain////
A D/guacal////
A D/hallTable////
A D/hangingLight////
A D/highBoyDresser////
A D/imprimanteFaxPhotocopieur////
A D/invoice////
A D/isola_cucina_150x90////
A D/kitchenIsland////
A D/kitchenSinkWithMarble////
A D/kleed_grieks////
A D/ladder_simple////
A D/ladder_water////
A D/lamp2////
A D/lamp_office////
A D/largeCouch////
A D/latticeChair////
A D/lavello_doppio_90x60////
A D/lit////
A D/livreAvecReliure////
A D/livreJava////
A D/livres////
A D/meubleChaussures////
A D/meubleChevet////
A D/meubleHiFiBas////
A D/meubleHiFiHaut////
A D/microwave////
A D/mirror////
A D/mobile_cucina_60x60////
A D/monitorLCD////
A D/newWindowDk////
A D/officeChair////
A D/officeChair2////
A D/officeChair3////
A D/office_desk////
A D/outdoor_staircase////
A D/ovalMirror////
A D/oven////
A D/pantry////
A D/patioDoor////
A D/patioDoorOpened////
A D/patioSideDoor////
A D/pcstul////
A D/pensile_cucina_45x90////
A D/pensile_cucina_60x70////
A D/percolateur////
A D/pergola////
A D/pesePersonne////
A D/piano_cottura////
A D/picnic_table////
A D/picture////
A D/pileMagazines////
A D/pinewoodRackFullHeight////
A D/pinewoodRackFullHeightHalfWidth////
A D/pinewoodRackLowHeight////
A D/pinewoodRackMediumHeight////
A D/pizza////
A D/plancheADecouper////
A D/plancheARepasser////
A D/plantersDesk////
A D/plastic_storage_box////
A D/poele////
A D/pool_ladder////
A D/portemanteaux2////
A D/potBrossesADent////
A D/potplant2////
A D/poubelleInox////
A D/privacyFence////
A D/privacyFence2////
A D/putekasse////
A D/radiator_7section////
A D/railing_glass////
A D/rainGutterPart1////
A D/rainGutterPart2////
A D/rectangularMirror////
A D/refridgerator////
A D/rocking_chair////
A D/roundTable2////
A D/ruffledVase////
A D/salontafel////
A D/sauna_120x120////
A D/savon////
A D/secheCheveux////
A D/secretarysDesk////
A D/sewing_machine////
A D/sh3dMag////
A D/shelves_storage_steel////
A D/shelves_storage_wood////
A D/shelves_storage_wood2////
A D/shelving////
A D/shower_cabin////
A D/singleChair////
A D/sliderPocketDoor////
A D/smallbookshelves////
A D/sofa1////
A D/sofa3////
A D/sofa3Single////
A D/sofa4////
A D/solar_panel_140W////
A D/stainlessSteelShelf////
A D/stair_ladder_loft////
A D/stair_straight_open_stringer////
A D/staircase_180_landing////
A D/staircase_180_long////
A D/staircase_270_box////
A D/staircase_360_circle////
A D/staircase_90_bottom////
A D/staircase_90_high_open////
A D/staircase_90_landing////
A D/staircase_90_top////
A D/staircase_handrail_hor////
A D/staircase_ladder_steep////
A D/staircase_samba_265x150x85////
A D/staircase_straight////
A D/stairs_180_circular_notopstep_rail////
A D/stairs_180_square////
A D/stairs_90_closed_legal_high////
A D/stairs_legal////
A D/stairs_rail////
A D/stairs_spiral////
A D/stairs_topcurve_90////
A D/stool////
A D/stove1////
A D/suits_racked////
A D/swimmingPool////
A D/tableBasse////
A D/tableBasse2////
A D/tableCuisine2////
A D/table_footrest////
A D/table_granmother_marble////
A D/tabouretBar////
A D/throwPillow////
A D/toast////
A D/toilet_hang_round////
A D/tourRangeCD////
A D/towelMedicineCabinet////
A D/towel_rack////
A D/trundleBed////
A D/vent_round////
A D/wash_basin_corner////
A D/washer_dryer////
A D/waterFountain////
A D/wheelie_bin////
A D/whitePatioDoorOpened////
A D/windowFrostedGlass////
A D/window_2x3_frame_sill////
A D/window_deep////
A D/window_double_2x3_frame_sill////
A D/window_double_3x3////
A D/window_double_frame_sill////
A D/window_flat_roof_skylight_bubble////
A D/window_shop////
A D/window_shutter////
A D/window_stain_glass////
A D/window_urban_neoclassic////
R D/tableBasse////
R D/HorseShoeColoradoFrame////
